{"level":"info","message":"Requisição: OPTIONS /api/scripts/generate"}
{"level":"info","message":"Requisição: POST /api/scripts/generate"}
{"level":"info","message":"Requisição: POST /api/scripts/generate"}
{"level":"info","message":"Requisição: OPTIONS /api/scripts/generate"}
{"level":"info","message":"Requisição: POST /api/scripts/generate"}
{"level":"info","message":"Requisição: OPTIONS /api/scripts/generate"}
{"level":"info","message":"Requisição: POST /api/scripts/generate"}
{"level":"info","message":"Requisição: OPTIONS /api/scripts/generate"}
{"level":"info","message":"Requisição: POST /api/scripts/generate"}
{"level":"info","message":"Requisição: GET /script"}
{"level":"info","message":"Requisição: GET /script"}
{"level":"info","message":"Requisição: OPTIONS /api/scripts/generate"}
{"level":"info","message":"Requisição: POST /api/scripts/generate"}
{"level":"info","message":"Requisição: GET /api/scripts/list"}
{"level":"info","message":"Requisição: OPTIONS /api/scripts/generate"}
{"level":"info","message":"Requisição: POST /api/scripts/generate"}
{"level":"info","message":"Requisição: GET /api/scripts/list"}
{"level":"info","message":"Requisição: OPTIONS /api/scripts/generate"}
{"level":"info","message":"Requisição: POST /api/scripts/generate"}
{"level":"info","message":"Requisição: GET /api/scripts/list"}
{"level":"info","message":"Requisição: DELETE /api/scripts/delete/2"}
{"level":"info","message":"Requisição: DELETE /api/scripts/delete/1"}
{"level":"info","message":"Requisição: DELETE /api/scripts/delete/3"}
{"level":"info","message":"Requisição: DELETE /api/scripts/delete/4"}
{"level":"info","message":"Requisição: GET /api/scripts/list"}
{"level":"info","message":"Requisição: OPTIONS /api/scripts/generate"}
{"level":"info","message":"Requisição: POST /api/scripts/generate"}
{"level":"info","message":"Requisição: GET /api/scripts/list"}
{"level":"info","message":"Requisição: GET /script"}
{"level":"info","message":"Requisição: GET /script"}
{"level":"info","message":"Requisição: GET /script"}
{"level":"info","message":"Requisição: GET /script"}
{"level":"info","message":"Requisição: GET /script"}
{"level":"info","message":"Requisição: GET /script"}
{"level":"info","message":"Requisição: GET /script"}
{"level":"info","message":"Requisição: GET /script"}
{"level":"info","message":"Requisição: GET /script"}
{"level":"info","message":"Requisição: GET /script"}
{"level":"info","message":"Requisição: GET /script"}
{"level":"info","message":"Requisição: GET /script"}
{"level":"info","message":"Requisição: GET /script"}
{"level":"info","message":"Requisição: GET /script"}
{"level":"info","message":"Requisição: GET /script"}
{"level":"info","message":"Requisição: GET /script"}
{"level":"info","message":"Requisição: GET /script"}
{"level":"info","message":"Requisição: GET /script"}
{"level":"info","message":"Requisição: GET /script"}
{"level":"info","message":"Requisição: GET /script"}
{"level":"info","message":"Requisição: GET /script"}
{"level":"info","message":"Requisição: GET /script"}
{"level":"info","message":"Requisição: GET /script"}
{"level":"info","message":"Requisição: GET /script"}
{"level":"info","message":"Requisição: GET /script"}
{"level":"info","message":"Requisição: GET /script"}
{"level":"info","message":"Requisição: GET /script"}
{"level":"info","message":"Requisição: GET /script"}
{"level":"info","message":"Requisição: GET /script"}
{"level":"info","message":"Requisição: GET /script"}
{"level":"info","message":"Requisição: GET /script"}
{"level":"info","message":"Requisição: GET /script"}
{"level":"info","message":"Requisição: GET /script"}
{"level":"info","message":"Requisição: GET /script"}
{"level":"info","message":"Requisição: GET /script"}
{"level":"info","message":"Requisição: GET /script"}
{"level":"info","message":"Requisição: GET /script"}
{"level":"info","message":"Requisição: GET /script"}
{"level":"info","message":"Requisição: GET /script"}
{"level":"info","message":"Requisição: GET /script"}
{"level":"info","message":"Requisição: GET /script"}
{"level":"info","message":"Requisição: GET /script"}
{"level":"info","message":"Requisição: GET /script"}
{"level":"info","message":"Requisição: GET /script"}
{"level":"info","message":"Requisição: GET /script"}
{"level":"info","message":"Requisição: GET /script"}
{"level":"info","message":"Requisição: GET /script"}
{"level":"info","message":"Requisição: GET /script"}
{"level":"info","message":"Requisição: GET /script"}
{"level":"info","message":"Requisição: GET /script"}
{"level":"info","message":"Requisição: GET /script"}
{"level":"info","message":"Requisição: GET /script"}
{"level":"info","message":"Requisição: GET /script"}
{"level":"info","message":"Requisição: GET /script"}
{"level":"info","message":"Requisição: GET /script"}
{"level":"info","message":"Requisição: GET /script"}
{"level":"info","message":"Requisição: GET /script"}
{"level":"info","message":"Requisição: GET /script"}
{"level":"info","message":"Requisição: GET /script"}
{"level":"info","message":"Requisição: GET /script"}
{"level":"info","message":"Requisição: GET /script"}
{"level":"info","message":"Requisição: GET /script"}
{"level":"info","message":"Requisição: GET /script"}
{"level":"info","message":"Requisição: GET /script"}
{"level":"info","message":"Requisição: GET /script"}
{"level":"info","message":"Requisição: GET /script"}
{"level":"info","message":"Requisição: GET /script"}
{"level":"info","message":"Requisição: GET /script"}
{"level":"info","message":"Requisição: GET /script"}
{"level":"info","message":"Requisição: GET /script"}
{"level":"info","message":"Requisição: GET /script"}
{"level":"info","message":"Requisição: GET /script"}
{"level":"info","message":"Requisição: GET /script"}
{"level":"info","message":"Requisição: GET /script"}
{"level":"info","message":"Requisição: GET /script"}
{"level":"info","message":"Requisição: GET /script"}
{"level":"info","message":"Requisição: GET /script"}
{"level":"info","message":"Requisição: GET /script"}
{"level":"info","message":"Requisição: GET /script"}
{"level":"info","message":"Requisição: GET /script"}
{"level":"info","message":"Requisição: GET /script"}
{"level":"info","message":"Requisição: GET /script"}
{"level":"info","message":"Requisição: GET /script"}
{"level":"info","message":"Requisição: GET /script"}
{"level":"info","message":"Requisição: GET /script"}
{"level":"info","message":"Requisição: GET /script"}
{"level":"info","message":"Requisição: OPTIONS /api/scripts/generate"}
{"level":"info","message":"Requisição: POST /api/scripts/generate"}
{"level":"info","message":"Requisição: GET /script"}
{"level":"info","message":"Requisição: GET /script"}
{"level":"info","message":"Requisição: OPTIONS /api/scripts/generate"}
{"level":"info","message":"Requisição: POST /api/scripts/generate"}
{"level":"info","message":"Requisição: GET /script"}
{"level":"info","message":"Requisição: GET /script"}
{"level":"info","message":"Requisição: GET /script"}
{"level":"info","message":"Requisição: GET /script"}
{"level":"info","message":"Requisição: OPTIONS /api/login"}
{"level":"info","message":"Requisição: POST /api/login"}
{"level":"info","message":"Requisição: OPTIONS /api/login"}
{"level":"info","message":"Requisição: POST /api/login"}
{"level":"info","message":"Requisição: GET /script"}
{"level":"info","message":"Requisição: GET /script"}
{"level":"info","message":"Requisição: OPTIONS /api/scripts/generate"}
{"level":"info","message":"Requisição: POST /api/scripts/generate"}
{"level":"info","message":"Requisição: GET /api/scripts/list"}
{"level":"info","message":"Requisição: GET /script"}
{"level":"info","message":"Requisição: GET /script"}
{"level":"info","message":"Requisição: OPTIONS /api/login"}
{"level":"info","message":"Requisição: POST /api/login"}
{"level":"info","message":"Requisição: GET /script"}
{"level":"info","message":"Requisição: GET /script"}
{"level":"info","message":"Requisição: GET /script"}
{"level":"info","message":"Requisição: GET /script"}
{"level":"info","message":"Requisição: OPTIONS /api/login"}
{"level":"info","message":"Requisição: POST /api/login"}
{"level":"info","message":"Requisição: GET /script"}
{"level":"info","message":"Requisição: GET /script"}
{"level":"info","message":"Requisição: GET /script"}
{"level":"info","message":"Requisição: GET /script"}
{"level":"info","message":"Requisição: GET /script"}
{"level":"info","message":"Requisição: GET /script"}
{"level":"info","message":"Requisição: GET /script"}
{"level":"info","message":"Requisição: GET /script"}
{"level":"info","message":"Requisição: GET /script"}
{"level":"info","message":"Requisição: GET /script"}
{"level":"info","message":"Requisição: GET /script"}
{"level":"info","message":"Requisição: GET /script"}
{"level":"info","message":"Requisição: GET /api/scripts"}
{"level":"info","message":"Requisição: GET /api/scripts"}
{"level":"info","message":"Requisição: GET /api/scripts/list"}
{"level":"info","message":"Requisição: GET /api/scripts/list"}
{"level":"info","message":"Requisição: GET /api/scripts/list"}
{"level":"info","message":"Requisição: GET /api/scripts/list"}
{"level":"info","message":"Requisição: GET /api/scripts/list"}
{"level":"info","message":"Requisição: GET /api/scripts/list"}
{"level":"info","message":"Requisição: GET /api/scripts/list"}
{"level":"info","message":"Requisição: GET /api/scripts/list"}
{"level":"info","message":"Requisição: GET /api/scripts/list"}
{"level":"info","message":"Requisição: GET /api/scripts/list"}
{"level":"info","message":"Requisição: GET /api/scripts/list"}
{"level":"info","message":"Requisição: GET /api/scripts/list"}
{"level":"info","message":"Requisição: GET /api/scripts/list"}
{"level":"info","message":"Requisição: GET /api/scripts/list"}
{"level":"info","message":"Requisição: GET /api/scripts/list"}
{"level":"info","message":"Requisição: GET /api/scripts/list"}
{"level":"info","message":"Requisição: GET /api/scripts/list"}
{"level":"info","message":"Requisição: GET /api/scripts/list"}
{"level":"info","message":"Requisição: OPTIONS /api/scripts/list"}
{"level":"info","message":"Requisição: OPTIONS /api/scripts/list"}
{"level":"info","message":"Requisição: GET /api/scripts/list"}
{"level":"info","message":"Requisição: GET /api/scripts/list"}
{"level":"info","message":"Requisição: GET /api/scripts/list"}
{"level":"info","message":"Requisição: GET /api/scripts/list"}
{"level":"info","message":"Requisição: OPTIONS /api/scripts/list"}
{"level":"info","message":"Requisição: GET /api/scripts/list"}
{"level":"info","message":"Requisição: OPTIONS /api/scripts/list"}
{"level":"info","message":"Requisição: GET /api/scripts/list"}
{"level":"info","message":"Requisição: GET /api/scripts/list"}
{"level":"info","message":"Requisição: OPTIONS /api/scripts/list"}
{"level":"info","message":"Requisição: GET /api/scripts/list"}
{"level":"info","message":"Requisição: OPTIONS /api/scripts/list"}
{"level":"info","message":"Requisição: OPTIONS /api/scripts/list"}
{"level":"info","message":"Requisição: GET /api/scripts/list"}
{"level":"info","message":"Requisição: GET /api/scripts/list"}
{"level":"info","message":"Requisição: GET /api/scripts/list"}
{"level":"info","message":"Requisição: OPTIONS /api/scripts/list"}
{"level":"info","message":"Requisição: OPTIONS /api/scripts/list"}
{"level":"info","message":"Requisição: GET /api/scripts/list"}
{"level":"info","message":"Requisição: GET /api/scripts/list"}
{"level":"info","message":"Requisição: OPTIONS /api/scripts/delete/1"}
{"level":"info","message":"Requisição: DELETE /api/scripts/delete/1"}
{"level":"info","message":"Requisição: OPTIONS /api/scripts/list"}
{"level":"info","message":"Requisição: OPTIONS /api/scripts/list"}
{"level":"info","message":"Requisição: GET /api/scripts/list"}
{"level":"info","message":"Requisição: GET /api/scripts/list"}
{"level":"info","message":"Requisição: OPTIONS /api/scripts/generate"}
{"level":"info","message":"Requisição: POST /api/scripts/generate"}
{"level":"info","message":"Requisição: OPTIONS /api/scripts/list"}
{"level":"info","message":"Requisição: OPTIONS /api/scripts/list"}
{"level":"info","message":"Requisição: GET /api/scripts/list"}
{"level":"info","message":"Requisição: GET /api/scripts/list"}
{"level":"info","message":"Requisição: OPTIONS /api/scripts/list"}
{"level":"info","message":"Requisição: OPTIONS /api/scripts/list"}
{"level":"info","message":"Requisição: GET /api/scripts/list"}
{"level":"info","message":"Requisição: GET /api/scripts/list"}
{"level":"info","message":"Requisição: OPTIONS /api/scripts/list"}
{"level":"info","message":"Requisição: OPTIONS /api/scripts/list"}
{"level":"info","message":"Requisição: GET /api/scripts/list"}
{"level":"info","message":"Requisição: GET /api/scripts/list"}
{"level":"info","message":"Requisição: OPTIONS /api/scripts/list"}
{"level":"info","message":"Requisição: OPTIONS /api/scripts/list"}
{"level":"info","message":"Requisição: GET /api/scripts/list"}
{"level":"info","message":"Requisição: GET /api/scripts/list"}
{"level":"info","message":"Requisição: OPTIONS /api/scripts/list"}
{"level":"info","message":"Requisição: OPTIONS /api/scripts/list"}
{"level":"info","message":"Requisição: GET /api/scripts/list"}
{"level":"info","message":"Requisição: GET /api/scripts/list"}
{"level":"info","message":"Requisição: OPTIONS /api/scripts/list"}
{"level":"info","message":"Requisição: OPTIONS /api/scripts/list"}
{"level":"info","message":"Requisição: GET /api/scripts/list"}
{"level":"info","message":"Requisição: GET /api/scripts/list"}
{"level":"info","message":"Requisição: OPTIONS /api/scripts/list"}
{"level":"info","message":"Requisição: OPTIONS /api/scripts/list"}
{"level":"info","message":"Requisição: GET /api/scripts/list"}
{"level":"info","message":"Requisição: GET /api/scripts/list"}
{"level":"info","message":"Requisição: OPTIONS /api/scripts/list"}
{"level":"info","message":"Requisição: OPTIONS /api/scripts/list"}
{"level":"info","message":"Requisição: GET /api/scripts/list"}
{"level":"info","message":"Requisição: GET /api/scripts/list"}
{"level":"info","message":"Requisição: GET /api/scripts/list"}
{"level":"info","message":"Requisição: GET /api/scripts/list"}
{"level":"info","message":"Requisição: OPTIONS /api/scripts/list"}
{"level":"info","message":"Requisição: OPTIONS /api/scripts/list"}
{"level":"info","message":"Requisição: GET /api/scripts/list"}
{"level":"info","message":"Requisição: GET /api/scripts/list"}
{"level":"info","message":"Requisição: GET /api/scripts/list"}
{"level":"info","message":"Requisição: GET /api/scripts/list"}
{"level":"info","message":"Requisição: OPTIONS /api/scripts/list"}
{"level":"info","message":"Requisição: OPTIONS /api/scripts/list"}
{"level":"info","message":"Requisição: GET /api/scripts/list"}
{"level":"info","message":"Requisição: GET /api/scripts/list"}
{"level":"info","message":"Requisição: OPTIONS /api/scripts/list"}
{"level":"info","message":"Requisição: OPTIONS /api/scripts/list"}
{"level":"info","message":"Requisição: GET /api/scripts/list"}
{"level":"info","message":"Requisição: GET /api/scripts/list"}
{"level":"info","message":"Requisição: OPTIONS /api/scripts/list"}
{"level":"info","message":"Requisição: OPTIONS /api/scripts/list"}
{"level":"info","message":"Requisição: GET /api/scripts/list"}
{"level":"info","message":"Requisição: GET /api/scripts/list"}
{"level":"info","message":"Requisição: GET /api/scripts/list"}
{"level":"info","message":"Requisição: GET /api/scripts/list"}
{"level":"info","message":"Requisição: GET /api/scripts/list"}
{"level":"info","message":"Requisição: GET /api/scripts/list"}
{"level":"info","message":"Requisição: OPTIONS /api/scripts/list"}
{"level":"info","message":"Requisição: OPTIONS /api/scripts/list"}
{"level":"info","message":"Requisição: GET /api/scripts/list"}
{"level":"info","message":"Requisição: GET /api/scripts/list"}
{"level":"info","message":"Requisição: GET /api/scripts/list"}
{"level":"info","message":"Requisição: OPTIONS /api/scripts/list"}
{"level":"info","message":"Requisição: OPTIONS /api/scripts/list"}
{"level":"info","message":"Requisição: GET /api/scripts/list"}
{"level":"info","message":"Requisição: GET /api/scripts/list"}
{"level":"info","message":"Requisição: OPTIONS /api/scripts/list"}
{"level":"info","message":"Requisição: OPTIONS /api/scripts/list"}
{"level":"info","message":"Requisição: GET /api/scripts/list"}
{"level":"info","message":"Requisição: GET /api/scripts/list"}
{"level":"info","message":"Requisição: OPTIONS /api/scripts/list"}
{"level":"info","message":"Requisição: OPTIONS /api/scripts/list"}
{"level":"info","message":"Requisição: GET /api/scripts/list"}
{"level":"info","message":"Requisição: GET /api/scripts/list"}
{"level":"info","message":"Requisição: OPTIONS /api/scripts/update/1"}
{"level":"info","message":"Requisição: PUT /api/scripts/update/1"}
{"level":"info","message":"Requisição: OPTIONS /api/scripts/list"}
{"level":"info","message":"Requisição: OPTIONS /api/scripts/list"}
{"level":"info","message":"Requisição: GET /api/scripts/list"}
{"level":"info","message":"Requisição: GET /api/scripts/list"}
{"level":"info","message":"Requisição: OPTIONS /api/scripts/list"}
{"level":"info","message":"Requisição: OPTIONS /api/scripts/list"}
{"level":"info","message":"Requisição: GET /api/scripts/list"}
{"level":"info","message":"Requisição: GET /api/scripts/list"}
{"level":"info","message":"Requisição: OPTIONS /api/scripts/list"}
{"level":"info","message":"Requisição: OPTIONS /api/scripts/list"}
{"level":"info","message":"Requisição: GET /api/scripts/list"}
{"level":"info","message":"Requisição: GET /api/scripts/list"}
{"level":"info","message":"Requisição: OPTIONS /api/scripts/list"}
{"level":"info","message":"Requisição: OPTIONS /api/scripts/list"}
{"level":"info","message":"Requisição: GET /api/scripts/list"}
{"level":"info","message":"Requisição: GET /api/scripts/list"}
{"level":"info","message":"Requisição: OPTIONS /api/scripts/list"}
{"level":"info","message":"Requisição: OPTIONS /api/scripts/list"}
{"level":"info","message":"Requisição: GET /api/scripts/list"}
{"level":"info","message":"Requisição: GET /api/scripts/list"}
{"level":"info","message":"Requisição: GET /api/scripts/list"}
{"level":"info","message":"Requisição: GET /api/scripts/list"}
{"level":"info","message":"Requisição: OPTIONS /api/scripts/list"}
{"level":"info","message":"Requisição: OPTIONS /api/scripts/list"}
{"level":"info","message":"Requisição: GET /api/scripts/list"}
{"level":"info","message":"Requisição: GET /api/scripts/list"}
{"level":"info","message":"Requisição: OPTIONS /api/scripts/list"}
{"level":"info","message":"Requisição: OPTIONS /api/scripts/list"}
{"level":"info","message":"Requisição: GET /api/scripts/list"}
{"level":"info","message":"Requisição: GET /api/scripts/list"}
{"level":"info","message":"Requisição: OPTIONS /api/scripts/list"}
{"level":"info","message":"Requisição: OPTIONS /api/scripts/list"}
{"level":"info","message":"Requisição: GET /api/scripts/list"}
{"level":"info","message":"Requisição: GET /api/scripts/list"}
{"level":"info","message":"Requisição: GET /api/scripts/list"}
{"level":"info","message":"Requisição: GET /api/scripts/list"}
{"level":"info","message":"Requisição: GET /api/scripts/list"}
{"level":"info","message":"Requisição: GET /api/scripts/list"}
{"level":"info","message":"Requisição: OPTIONS /api/scripts/delete/1"}
{"level":"info","message":"Requisição: DELETE /api/scripts/delete/1"}
{"level":"info","message":"Requisição: OPTIONS /api/scripts/list"}
{"level":"info","message":"Requisição: OPTIONS /api/scripts/list"}
{"level":"info","message":"Requisição: GET /api/scripts/list"}
{"level":"info","message":"Requisição: GET /api/scripts/list"}
{"level":"info","message":"Requisição: OPTIONS /api/scripts/list"}
{"level":"info","message":"Requisição: OPTIONS /api/scripts/list"}
{"level":"info","message":"Requisição: GET /api/scripts/list"}
{"level":"info","message":"Requisição: GET /api/scripts/list"}
{"level":"info","message":"Requisição: GET /api/scripts/list"}
{"level":"info","message":"Requisição: GET /api/scripts/list"}
{"level":"info","message":"Requisição: GET /api/scripts/list"}
{"level":"info","message":"Requisição: GET /api/scripts/list"}
{"level":"info","message":"Requisição: OPTIONS /api/scripts/list"}
{"level":"info","message":"Requisição: OPTIONS /api/scripts/list"}
{"level":"info","message":"Requisição: GET /api/scripts/list"}
{"level":"info","message":"Requisição: GET /api/scripts/list"}
{"level":"info","message":"Requisição: GET /api/scripts/list"}
{"level":"info","message":"Requisição: GET /api/scripts/list"}
{"level":"info","message":"Requisição: OPTIONS /api/scripts/list"}
{"level":"info","message":"Requisição: OPTIONS /api/scripts/list"}
{"level":"info","message":"Requisição: GET /api/scripts/list"}
{"level":"info","message":"Requisição: GET /api/scripts/list"}
{"level":"info","message":"Requisição: OPTIONS /api/scripts/list"}
{"level":"info","message":"Requisição: OPTIONS /api/scripts/list"}
{"level":"info","message":"Requisição: GET /api/scripts/list"}
{"level":"info","message":"Requisição: GET /api/scripts/list"}
{"level":"info","message":"Requisição: OPTIONS /api/scripts/list"}
{"level":"info","message":"Requisição: OPTIONS /api/scripts/list"}
{"level":"info","message":"Requisição: GET /api/scripts/list"}
{"level":"info","message":"Requisição: GET /api/scripts/list"}
{"level":"info","message":"Requisição: GET /api/scripts/list"}
{"level":"info","message":"Requisição: GET /api/scripts/list"}
{"level":"info","message":"Requisição: OPTIONS /api/scripts/list"}
{"level":"info","message":"Requisição: OPTIONS /api/scripts/list"}
{"level":"info","message":"Requisição: GET /api/scripts/list"}
{"level":"info","message":"Requisição: GET /api/scripts/list"}
{"level":"info","message":"Requisição: OPTIONS /api/scripts/list"}
{"level":"info","message":"Requisição: OPTIONS /api/scripts/list"}
{"level":"info","message":"Requisição: GET /api/scripts/list"}
{"level":"info","message":"Requisição: GET /api/scripts/list"}
{"level":"info","message":"Requisição: GET /api/scripts/list"}
{"level":"info","message":"Requisição: GET /api/scripts/list"}
{"level":"info","message":"Requisição: OPTIONS /api/scripts/delete/1"}
{"level":"info","message":"Requisição: DELETE /api/scripts/delete/1"}
{"level":"info","message":"Requisição: OPTIONS /api/scripts/list"}
{"level":"info","message":"Requisição: OPTIONS /api/scripts/list"}
{"level":"info","message":"Requisição: GET /api/scripts/list"}
{"level":"info","message":"Requisição: GET /api/scripts/list"}
{"level":"info","message":"Requisição: OPTIONS /api/scripts/list"}
{"level":"info","message":"Requisição: OPTIONS /api/scripts/list"}
{"level":"info","message":"Requisição: GET /api/scripts/list"}
{"level":"info","message":"Requisição: GET /api/scripts/list"}
{"level":"info","message":"Requisição: OPTIONS /api/scripts/list"}
{"level":"info","message":"Requisição: OPTIONS /api/scripts/list"}
{"level":"info","message":"Requisição: GET /api/scripts/list"}
{"level":"info","message":"Requisição: GET /api/scripts/list"}
{"level":"info","message":"Requisição: GET /api/scripts/list"}
